2003.04.27 10:06 B C:\My Documents\Yes\Db\HTMLWeb\bottom.htm --> ftp.home.zonnet.nl / bottom.htm
2003.04.27 10:16 B C:\My Documents\Yes\Db\HTMLWeb\main.htm --> ftp.home.zonnet.nl / main.htm
2003.04.27 10:39 B C:\My Documents\Yes\Db\HTMLWeb\main.htm --> ftp.home.zonnet.nl / main.htm
2003.04.27 10:57 B C:\My Documents\Yes\Db\HTMLWeb\bottom.htm --> ftp.home.zonnet.nl / bottom.htm
2003.04.27 10:57 B C:\My Documents\Yes\Db\HTMLWeb\bottomja.htm --> ftp.home.zonnet.nl / bottomja.htm
2003.04.27 10:57 B C:\My Documents\Yes\Db\HTMLWeb\bottomrw.htm --> ftp.home.zonnet.nl / bottomrw.htm
2003.04.27 10:57 B C:\My Documents\Yes\Db\HTMLWeb\index.htm --> ftp.home.zonnet.nl / index.htm
2003.04.27 10:57 B C:\My Documents\Yes\Db\HTMLWeb\leftpane.htm --> ftp.home.zonnet.nl / leftpane.htm
2003.04.27 10:57 B C:\My Documents\Yes\Db\HTMLWeb\leftpaneja.htm --> ftp.home.zonnet.nl / leftpaneja.htm
2003.04.27 10:57 B C:\My Documents\Yes\Db\HTMLWeb\leftpanerw.htm --> ftp.home.zonnet.nl / leftpanerw.htm
2003.04.27 10:57 B C:\My Documents\Yes\Db\HTMLWeb\leftpanevideo.htm --> ftp.home.zonnet.nl / leftpanevideo.htm
2003.04.27 10:57 B C:\My Documents\Yes\Db\HTMLWeb\main.htm --> ftp.home.zonnet.nl / main.htm
2003.04.27 10:57 B C:\My Documents\Yes\Db\HTMLWeb\mainja.htm --> ftp.home.zonnet.nl / mainja.htm
2003.04.27 10:57 B C:\My Documents\Yes\Db\HTMLWeb\mainrw.htm --> ftp.home.zonnet.nl / mainrw.htm
2003.04.27 10:57 B C:\My Documents\Yes\Db\HTMLWeb\mainvideo.htm --> ftp.home.zonnet.nl / mainvideo.htm
2003.04.27 10:57 B C:\My Documents\Yes\Db\HTMLWeb\new.gif --> ftp.home.zonnet.nl / new.gif
2003.04.27 10:57 B C:\My Documents\Yes\Db\HTMLWeb\rotterdam.htm --> ftp.home.zonnet.nl / rotterdam.htm
2003.04.27 10:57 B C:\My Documents\Yes\Db\HTMLWeb\ruudsrussia.htm --> ftp.home.zonnet.nl / ruudsrussia.htm
2003.04.27 10:57 B C:\My Documents\Yes\Db\HTMLWeb\styles.css --> ftp.home.zonnet.nl / styles.css
2003.04.27 10:57 B C:\My Documents\Yes\Db\HTMLWeb\tales2.jpg --> ftp.home.zonnet.nl / tales2.jpg
2003.04.27 10:57 B C:\My Documents\Yes\Db\HTMLWeb\tales3.jpg --> ftp.home.zonnet.nl / tales3.jpg
2003.04.27 21:01 B C:\My Documents\Yes\Db\HTMLWeb\main.htm --> ftp.home.zonnet.nl / main.htm
2003.04.27 21:05 B C:\My Documents\Yes\Db\HTMLWeb\bottom.htm --> ftp.home.zonnet.nl / bottom.htm
2003.04.27 21:05 B C:\My Documents\Yes\Db\HTMLWeb\bottomja.htm --> ftp.home.zonnet.nl / bottomja.htm
2003.04.27 21:05 B C:\My Documents\Yes\Db\HTMLWeb\bottomrw.htm --> ftp.home.zonnet.nl / bottomrw.htm
2003.04.27 21:05 B C:\My Documents\Yes\Db\HTMLWeb\index.htm --> ftp.home.zonnet.nl / index.htm
2003.04.27 21:05 B C:\My Documents\Yes\Db\HTMLWeb\leftpane.htm --> ftp.home.zonnet.nl / leftpane.htm
2003.04.27 21:05 B C:\My Documents\Yes\Db\HTMLWeb\leftpaneja.htm --> ftp.home.zonnet.nl / leftpaneja.htm
2003.04.27 21:05 B C:\My Documents\Yes\Db\HTMLWeb\leftpanerw.htm --> ftp.home.zonnet.nl / leftpanerw.htm
2003.04.27 21:05 B C:\My Documents\Yes\Db\HTMLWeb\leftpanevideo.htm --> ftp.home.zonnet.nl / leftpanevideo.htm
2003.04.27 21:05 B C:\My Documents\Yes\Db\HTMLWeb\main.htm --> ftp.home.zonnet.nl / main.htm
2003.04.27 21:05 B C:\My Documents\Yes\Db\HTMLWeb\mainja.htm --> ftp.home.zonnet.nl / mainja.htm
2003.04.27 21:05 B C:\My Documents\Yes\Db\HTMLWeb\mainrw.htm --> ftp.home.zonnet.nl / mainrw.htm
2003.04.27 21:05 B C:\My Documents\Yes\Db\HTMLWeb\mainvideo.htm --> ftp.home.zonnet.nl / mainvideo.htm
2003.04.27 21:05 B C:\My Documents\Yes\Db\HTMLWeb\new.gif --> ftp.home.zonnet.nl / new.gif
2003.04.27 21:05 B C:\My Documents\Yes\Db\HTMLWeb\rotterdam.htm --> ftp.home.zonnet.nl / rotterdam.htm
2003.04.27 21:05 B C:\My Documents\Yes\Db\HTMLWeb\ruudsrussia.htm --> ftp.home.zonnet.nl / ruudsrussia.htm
2003.04.27 21:05 B C:\My Documents\Yes\Db\HTMLWeb\styles.css --> ftp.home.zonnet.nl / styles.css
2003.04.27 21:05 B C:\My Documents\Yes\Db\HTMLWeb\tales2.jpg --> ftp.home.zonnet.nl / tales2.jpg
2003.04.27 21:05 B C:\My Documents\Yes\Db\HTMLWeb\tales3.jpg --> ftp.home.zonnet.nl / tales3.jpg
2003.07.09 23:58 B C:\My Documents\Yes\Db\HTMLWeb\bottom.htm --> ftp.home.zonnet.nl / bottom.htm
2003.07.09 23:58 B C:\My Documents\Yes\Db\HTMLWeb\bottomja.htm --> ftp.home.zonnet.nl / bottomja.htm
2003.07.09 23:58 B C:\My Documents\Yes\Db\HTMLWeb\bottomrw.htm --> ftp.home.zonnet.nl / bottomrw.htm
2003.07.09 23:58 B C:\My Documents\Yes\Db\HTMLWeb\index.htm --> ftp.home.zonnet.nl / index.htm
2003.07.09 23:58 B C:\My Documents\Yes\Db\HTMLWeb\leftpane.htm --> ftp.home.zonnet.nl / leftpane.htm
2003.07.09 23:58 B C:\My Documents\Yes\Db\HTMLWeb\leftpaneja.htm --> ftp.home.zonnet.nl / leftpaneja.htm
2003.07.09 23:58 B C:\My Documents\Yes\Db\HTMLWeb\leftpanerw.htm --> ftp.home.zonnet.nl / leftpanerw.htm
2003.07.09 23:58 B C:\My Documents\Yes\Db\HTMLWeb\leftpanevideo.htm --> ftp.home.zonnet.nl / leftpanevideo.htm
2003.07.09 23:59 B C:\My Documents\Yes\Db\HTMLWeb\main.htm --> ftp.home.zonnet.nl / main.htm
2003.07.09 23:59 B C:\My Documents\Yes\Db\HTMLWeb\mainja.htm --> ftp.home.zonnet.nl / mainja.htm
2003.07.09 23:59 B C:\My Documents\Yes\Db\HTMLWeb\mainrw.htm --> ftp.home.zonnet.nl / mainrw.htm
2003.07.09 23:59 B C:\My Documents\Yes\Db\HTMLWeb\mainvideo.htm --> ftp.home.zonnet.nl / mainvideo.htm
2003.07.09 23:59 B C:\My Documents\Yes\Db\HTMLWeb\new.gif --> ftp.home.zonnet.nl / new.gif
2003.07.09 23:59 B C:\My Documents\Yes\Db\HTMLWeb\rotterdam.htm --> ftp.home.zonnet.nl / rotterdam.htm
2003.07.09 23:59 B C:\My Documents\Yes\Db\HTMLWeb\ruudsrussia.htm --> ftp.home.zonnet.nl / ruudsrussia.htm
2003.07.09 23:59 B C:\My Documents\Yes\Db\HTMLWeb\styles.css --> ftp.home.zonnet.nl / styles.css
2003.07.09 23:59 B C:\My Documents\Yes\Db\HTMLWeb\tales2.jpg --> ftp.home.zonnet.nl / tales2.jpg
2003.07.09 23:59 B C:\My Documents\Yes\Db\HTMLWeb\tales3.jpg --> ftp.home.zonnet.nl / tales3.jpg
2003.07.15 12:20 B C:\My Documents\Yes\Db\HTMLWeb\yessongs.htm --> ftp.home.zonnet.nl / yessongs.htm
2003.07.24 16:06 B C:\My Documents\Yes\Db\HTMLWeb\bottom.htm --> ftp.home.zonnet.nl / bottom.htm
2003.07.24 16:06 B C:\My Documents\Yes\Db\HTMLWeb\bottomja.htm --> ftp.home.zonnet.nl / bottomja.htm
2003.07.24 16:06 B C:\My Documents\Yes\Db\HTMLWeb\bottomrw.htm --> ftp.home.zonnet.nl / bottomrw.htm
2003.07.24 16:06 B C:\My Documents\Yes\Db\HTMLWeb\index.htm --> ftp.home.zonnet.nl / index.htm
2003.07.24 16:06 B C:\My Documents\Yes\Db\HTMLWeb\leftpane.htm --> ftp.home.zonnet.nl / leftpane.htm
2003.07.24 16:07 B C:\My Documents\Yes\Db\HTMLWeb\leftpaneja.htm --> ftp.home.zonnet.nl / leftpaneja.htm
2003.07.24 16:07 B C:\My Documents\Yes\Db\HTMLWeb\leftpanerw.htm --> ftp.home.zonnet.nl / leftpanerw.htm
2003.07.24 16:07 B C:\My Documents\Yes\Db\HTMLWeb\leftpanevideo.htm --> ftp.home.zonnet.nl / leftpanevideo.htm
2003.07.24 16:07 B C:\My Documents\Yes\Db\HTMLWeb\main.htm --> ftp.home.zonnet.nl / main.htm
2003.07.24 16:07 B C:\My Documents\Yes\Db\HTMLWeb\mainja.htm --> ftp.home.zonnet.nl / mainja.htm
2003.07.24 16:07 B C:\My Documents\Yes\Db\HTMLWeb\mainrw.htm --> ftp.home.zonnet.nl / mainrw.htm
2003.07.24 16:07 B C:\My Documents\Yes\Db\HTMLWeb\mainvideo.htm --> ftp.home.zonnet.nl / mainvideo.htm
2003.07.24 16:07 B C:\My Documents\Yes\Db\HTMLWeb\new.gif --> ftp.home.zonnet.nl / new.gif
2003.07.24 16:07 B C:\My Documents\Yes\Db\HTMLWeb\rotterdam.htm --> ftp.home.zonnet.nl / rotterdam.htm
2003.07.24 16:07 B C:\My Documents\Yes\Db\HTMLWeb\ruudsrussia.htm --> ftp.home.zonnet.nl / ruudsrussia.htm
2003.07.24 16:07 B C:\My Documents\Yes\Db\HTMLWeb\styles.css --> ftp.home.zonnet.nl / styles.css
2003.07.24 16:07 B C:\My Documents\Yes\Db\HTMLWeb\tales2.jpg --> ftp.home.zonnet.nl / tales2.jpg
2003.07.24 16:07 B C:\My Documents\Yes\Db\HTMLWeb\tales3.jpg --> ftp.home.zonnet.nl / tales3.jpg
2003.07.24 16:07 B C:\My Documents\Yes\Db\HTMLWeb\WS_FTP.LOG --> ftp.home.zonnet.nl / WS_FTP.LOG
2003.07.24 16:07 B C:\My Documents\Yes\Db\HTMLWeb\yessongs.htm --> ftp.home.zonnet.nl / yessongs.htm
2003.08.17 10:17 B C:\My Documents\Yes\Db\HTMLWeb\bottom.htm --> ftp.home.zonnet.nl / bottom.htm
2003.08.17 10:17 B C:\My Documents\Yes\Db\HTMLWeb\bottomja.htm --> ftp.home.zonnet.nl / bottomja.htm
2003.08.17 10:17 B C:\My Documents\Yes\Db\HTMLWeb\bottomrw.htm --> ftp.home.zonnet.nl / bottomrw.htm
2003.08.17 10:17 B C:\My Documents\Yes\Db\HTMLWeb\index.htm --> ftp.home.zonnet.nl / index.htm
2003.08.17 10:17 B C:\My Documents\Yes\Db\HTMLWeb\leftpane.htm --> ftp.home.zonnet.nl / leftpane.htm
2003.08.17 10:17 B C:\My Documents\Yes\Db\HTMLWeb\leftpaneja.htm --> ftp.home.zonnet.nl / leftpaneja.htm
2003.08.17 10:17 B C:\My Documents\Yes\Db\HTMLWeb\leftpanerw.htm --> ftp.home.zonnet.nl / leftpanerw.htm
2003.08.17 10:17 B C:\My Documents\Yes\Db\HTMLWeb\leftpanerw.~htm --> ftp.home.zonnet.nl / leftpanerw.~htm
2003.08.17 10:17 B C:\My Documents\Yes\Db\HTMLWeb\leftpanevideo.htm --> ftp.home.zonnet.nl / leftpanevideo.htm
2003.08.17 10:17 B C:\My Documents\Yes\Db\HTMLWeb\main.htm --> ftp.home.zonnet.nl / main.htm
2003.08.17 10:17 B C:\My Documents\Yes\Db\HTMLWeb\mainja.htm --> ftp.home.zonnet.nl / mainja.htm
2003.08.17 10:17 B C:\My Documents\Yes\Db\HTMLWeb\mainrw.htm --> ftp.home.zonnet.nl / mainrw.htm
2003.08.17 10:17 B C:\My Documents\Yes\Db\HTMLWeb\mainvideo.htm --> ftp.home.zonnet.nl / mainvideo.htm
2003.08.17 10:17 B C:\My Documents\Yes\Db\HTMLWeb\new.gif --> ftp.home.zonnet.nl / new.gif
2003.08.17 10:17 B C:\My Documents\Yes\Db\HTMLWeb\rotterdam.htm --> ftp.home.zonnet.nl / rotterdam.htm
2003.08.17 10:17 B C:\My Documents\Yes\Db\HTMLWeb\ruudsrussia.htm --> ftp.home.zonnet.nl / ruudsrussia.htm
2003.08.17 10:17 B C:\My Documents\Yes\Db\HTMLWeb\styles.css --> ftp.home.zonnet.nl / styles.css
2003.08.17 10:17 B C:\My Documents\Yes\Db\HTMLWeb\tales2.jpg --> ftp.home.zonnet.nl / tales2.jpg
2003.08.17 10:17 B C:\My Documents\Yes\Db\HTMLWeb\tales3.jpg --> ftp.home.zonnet.nl / tales3.jpg
2003.08.17 10:17 B C:\My Documents\Yes\Db\HTMLWeb\WS_FTP.LOG --> ftp.home.zonnet.nl / WS_FTP.LOG
2003.08.17 10:17 B C:\My Documents\Yes\Db\HTMLWeb\yessongs.htm --> ftp.home.zonnet.nl / yessongs.htm
2003.11.05 14:49 B C:\My Documents\Yes\Db\HTMLWeb\bottom.htm --> ftp.home.zonnet.nl / bottom.htm
2003.11.05 14:49 B C:\My Documents\Yes\Db\HTMLWeb\bottomja.htm --> ftp.home.zonnet.nl / bottomja.htm
2003.11.05 14:49 B C:\My Documents\Yes\Db\HTMLWeb\bottomrw.htm --> ftp.home.zonnet.nl / bottomrw.htm
2003.11.05 14:49 B C:\My Documents\Yes\Db\HTMLWeb\index.htm --> ftp.home.zonnet.nl / index.htm
2003.11.05 14:49 B C:\My Documents\Yes\Db\HTMLWeb\leftpane.htm --> ftp.home.zonnet.nl / leftpane.htm
2003.11.05 14:49 B C:\My Documents\Yes\Db\HTMLWeb\leftpaneja.htm --> ftp.home.zonnet.nl / leftpaneja.htm
2003.11.05 14:49 B C:\My Documents\Yes\Db\HTMLWeb\leftpanerw.htm --> ftp.home.zonnet.nl / leftpanerw.htm
2003.11.05 14:49 B C:\My Documents\Yes\Db\HTMLWeb\leftpanerw.~htm --> ftp.home.zonnet.nl / leftpanerw.~htm
2003.11.05 14:49 B C:\My Documents\Yes\Db\HTMLWeb\leftpanevideo.htm --> ftp.home.zonnet.nl / leftpanevideo.htm
2003.11.05 14:49 B C:\My Documents\Yes\Db\HTMLWeb\main.htm --> ftp.home.zonnet.nl / main.htm
2003.11.05 14:49 B C:\My Documents\Yes\Db\HTMLWeb\mainja.htm --> ftp.home.zonnet.nl / mainja.htm
2003.11.05 14:49 B C:\My Documents\Yes\Db\HTMLWeb\mainrw.htm --> ftp.home.zonnet.nl / mainrw.htm
2003.11.05 14:49 B C:\My Documents\Yes\Db\HTMLWeb\mainvideo.htm --> ftp.home.zonnet.nl / mainvideo.htm
2003.11.05 14:49 B C:\My Documents\Yes\Db\HTMLWeb\new.gif --> ftp.home.zonnet.nl / new.gif
2003.11.05 14:49 B C:\My Documents\Yes\Db\HTMLWeb\rotterdam.htm --> ftp.home.zonnet.nl / rotterdam.htm
2003.11.05 14:49 B C:\My Documents\Yes\Db\HTMLWeb\ruudsrussia.htm --> ftp.home.zonnet.nl / ruudsrussia.htm
2003.11.05 14:49 B C:\My Documents\Yes\Db\HTMLWeb\styles.css --> ftp.home.zonnet.nl / styles.css
2003.11.05 14:49 B C:\My Documents\Yes\Db\HTMLWeb\tales2.jpg --> ftp.home.zonnet.nl / tales2.jpg
2003.11.05 14:49 B C:\My Documents\Yes\Db\HTMLWeb\tales3.jpg --> ftp.home.zonnet.nl / tales3.jpg
2003.11.05 14:50 B C:\My Documents\Yes\Db\HTMLWeb\WS_FTP.LOG --> ftp.home.zonnet.nl / WS_FTP.LOG
2003.11.05 14:50 B C:\My Documents\Yes\Db\HTMLWeb\yessongs.htm --> ftp.home.zonnet.nl / yessongs.htm
