2003.01.02 14:48 B C:\My Documents\Yes\Db\HTMLWeb\Lists\Yes\Biglist.htm --> ftp.home.zonnet.nl /Lists/Yes Biglist.htm
2003.01.02 14:58 B C:\My Documents\Yes\Db\HTMLWeb\Lists\Yes\Biglist.htm --> ftp.home.zonnet.nl /Lists/Yes Biglist.htm
2003.04.27 11:54 B C:\My Documents\Yes\Db\HTMLWeb\Lists\Yes\Biglist.htm --> ftp.home.zonnet.nl /Lists/Yes Biglist.htm
2003.04.27 11:54 B C:\My Documents\Yes\Db\HTMLWeb\Lists\Yes\list1.htm --> ftp.home.zonnet.nl /Lists/Yes list1.htm
2003.04.27 11:54 B C:\My Documents\Yes\Db\HTMLWeb\Lists\Yes\list10.htm --> ftp.home.zonnet.nl /Lists/Yes list10.htm
2003.04.27 11:54 B C:\My Documents\Yes\Db\HTMLWeb\Lists\Yes\list11.htm --> ftp.home.zonnet.nl /Lists/Yes list11.htm
2003.04.27 11:54 B C:\My Documents\Yes\Db\HTMLWeb\Lists\Yes\list12.htm --> ftp.home.zonnet.nl /Lists/Yes list12.htm
2003.04.27 11:54 B C:\My Documents\Yes\Db\HTMLWeb\Lists\Yes\list13.htm --> ftp.home.zonnet.nl /Lists/Yes list13.htm
2003.04.27 11:54 B C:\My Documents\Yes\Db\HTMLWeb\Lists\Yes\list14.htm --> ftp.home.zonnet.nl /Lists/Yes list14.htm
2003.04.27 11:54 B C:\My Documents\Yes\Db\HTMLWeb\Lists\Yes\list15.htm --> ftp.home.zonnet.nl /Lists/Yes list15.htm
2003.04.27 11:54 B C:\My Documents\Yes\Db\HTMLWeb\Lists\Yes\list16.htm --> ftp.home.zonnet.nl /Lists/Yes list16.htm
2003.04.27 11:54 B C:\My Documents\Yes\Db\HTMLWeb\Lists\Yes\list17.htm --> ftp.home.zonnet.nl /Lists/Yes list17.htm
2003.04.27 11:54 B C:\My Documents\Yes\Db\HTMLWeb\Lists\Yes\list18.htm --> ftp.home.zonnet.nl /Lists/Yes list18.htm
2003.04.27 11:54 B C:\My Documents\Yes\Db\HTMLWeb\Lists\Yes\list19.htm --> ftp.home.zonnet.nl /Lists/Yes list19.htm
2003.04.27 11:54 B C:\My Documents\Yes\Db\HTMLWeb\Lists\Yes\list2.htm --> ftp.home.zonnet.nl /Lists/Yes list2.htm
2003.04.27 11:54 B C:\My Documents\Yes\Db\HTMLWeb\Lists\Yes\list20.htm --> ftp.home.zonnet.nl /Lists/Yes list20.htm
2003.04.27 11:54 B C:\My Documents\Yes\Db\HTMLWeb\Lists\Yes\list21.htm --> ftp.home.zonnet.nl /Lists/Yes list21.htm
2003.04.27 11:54 B C:\My Documents\Yes\Db\HTMLWeb\Lists\Yes\list25.htm --> ftp.home.zonnet.nl /Lists/Yes list25.htm
2003.04.27 11:54 B C:\My Documents\Yes\Db\HTMLWeb\Lists\Yes\list28.htm --> ftp.home.zonnet.nl /Lists/Yes list28.htm
2003.04.27 11:54 B C:\My Documents\Yes\Db\HTMLWeb\Lists\Yes\list3.htm --> ftp.home.zonnet.nl /Lists/Yes list3.htm
2003.04.27 11:54 B C:\My Documents\Yes\Db\HTMLWeb\Lists\Yes\list30.htm --> ftp.home.zonnet.nl /Lists/Yes list30.htm
2003.04.27 11:54 B C:\My Documents\Yes\Db\HTMLWeb\Lists\Yes\list4.htm --> ftp.home.zonnet.nl /Lists/Yes list4.htm
2003.04.27 11:54 B C:\My Documents\Yes\Db\HTMLWeb\Lists\Yes\list40.htm --> ftp.home.zonnet.nl /Lists/Yes list40.htm
2003.04.27 11:55 B C:\My Documents\Yes\Db\HTMLWeb\Lists\Yes\list5.htm --> ftp.home.zonnet.nl /Lists/Yes list5.htm
2003.04.27 11:55 B C:\My Documents\Yes\Db\HTMLWeb\Lists\Yes\list6.htm --> ftp.home.zonnet.nl /Lists/Yes list6.htm
2003.04.27 11:55 B C:\My Documents\Yes\Db\HTMLWeb\Lists\Yes\list7.htm --> ftp.home.zonnet.nl /Lists/Yes list7.htm
2003.04.27 11:55 B C:\My Documents\Yes\Db\HTMLWeb\Lists\Yes\list8.htm --> ftp.home.zonnet.nl /Lists/Yes list8.htm
2003.04.27 11:55 B C:\My Documents\Yes\Db\HTMLWeb\Lists\Yes\list9.htm --> ftp.home.zonnet.nl /Lists/Yes list9.htm
2003.04.27 11:55 B C:\My Documents\Yes\Db\HTMLWeb\Lists\Yes\Tourlist.txt --> ftp.home.zonnet.nl /Lists/Yes Tourlist.txt
2003.04.27 11:55 B C:\My Documents\Yes\Db\HTMLWeb\Lists\Yes\WS_FTP.LOG --> ftp.home.zonnet.nl /Lists/Yes WS_FTP.LOG
2003.04.27 22:03 B C:\My Documents\Yes\Db\HTMLWeb\Lists\Yes\Biglist.htm --> ftp.home.zonnet.nl /Lists/Yes Biglist.htm
2003.04.27 22:03 B C:\My Documents\Yes\Db\HTMLWeb\Lists\Yes\list1.htm --> ftp.home.zonnet.nl /Lists/Yes list1.htm
2003.04.27 22:03 B C:\My Documents\Yes\Db\HTMLWeb\Lists\Yes\list10.htm --> ftp.home.zonnet.nl /Lists/Yes list10.htm
2003.04.27 22:03 B C:\My Documents\Yes\Db\HTMLWeb\Lists\Yes\list11.htm --> ftp.home.zonnet.nl /Lists/Yes list11.htm
2003.04.27 22:03 B C:\My Documents\Yes\Db\HTMLWeb\Lists\Yes\list12.htm --> ftp.home.zonnet.nl /Lists/Yes list12.htm
2003.04.27 22:03 B C:\My Documents\Yes\Db\HTMLWeb\Lists\Yes\list13.htm --> ftp.home.zonnet.nl /Lists/Yes list13.htm
2003.04.27 22:03 B C:\My Documents\Yes\Db\HTMLWeb\Lists\Yes\list14.htm --> ftp.home.zonnet.nl /Lists/Yes list14.htm
2003.04.27 22:03 B C:\My Documents\Yes\Db\HTMLWeb\Lists\Yes\list15.htm --> ftp.home.zonnet.nl /Lists/Yes list15.htm
2003.04.27 22:03 B C:\My Documents\Yes\Db\HTMLWeb\Lists\Yes\list16.htm --> ftp.home.zonnet.nl /Lists/Yes list16.htm
2003.04.27 22:03 B C:\My Documents\Yes\Db\HTMLWeb\Lists\Yes\list17.htm --> ftp.home.zonnet.nl /Lists/Yes list17.htm
2003.04.27 22:03 B C:\My Documents\Yes\Db\HTMLWeb\Lists\Yes\list18.htm --> ftp.home.zonnet.nl /Lists/Yes list18.htm
2003.04.27 22:03 B C:\My Documents\Yes\Db\HTMLWeb\Lists\Yes\list19.htm --> ftp.home.zonnet.nl /Lists/Yes list19.htm
2003.04.27 22:03 B C:\My Documents\Yes\Db\HTMLWeb\Lists\Yes\list2.htm --> ftp.home.zonnet.nl /Lists/Yes list2.htm
2003.04.27 22:03 B C:\My Documents\Yes\Db\HTMLWeb\Lists\Yes\list20.htm --> ftp.home.zonnet.nl /Lists/Yes list20.htm
2003.04.27 22:03 B C:\My Documents\Yes\Db\HTMLWeb\Lists\Yes\list21.htm --> ftp.home.zonnet.nl /Lists/Yes list21.htm
2003.04.27 22:04 B C:\My Documents\Yes\Db\HTMLWeb\Lists\Yes\list25.htm --> ftp.home.zonnet.nl /Lists/Yes list25.htm
2003.04.27 22:04 B C:\My Documents\Yes\Db\HTMLWeb\Lists\Yes\list28.htm --> ftp.home.zonnet.nl /Lists/Yes list28.htm
2003.04.27 22:04 B C:\My Documents\Yes\Db\HTMLWeb\Lists\Yes\list3.htm --> ftp.home.zonnet.nl /Lists/Yes list3.htm
2003.04.27 22:04 B C:\My Documents\Yes\Db\HTMLWeb\Lists\Yes\list30.htm --> ftp.home.zonnet.nl /Lists/Yes list30.htm
2003.04.27 22:04 B C:\My Documents\Yes\Db\HTMLWeb\Lists\Yes\list4.htm --> ftp.home.zonnet.nl /Lists/Yes list4.htm
2003.04.27 22:04 B C:\My Documents\Yes\Db\HTMLWeb\Lists\Yes\list40.htm --> ftp.home.zonnet.nl /Lists/Yes list40.htm
2003.04.27 22:04 B C:\My Documents\Yes\Db\HTMLWeb\Lists\Yes\list5.htm --> ftp.home.zonnet.nl /Lists/Yes list5.htm
2003.04.27 22:04 B C:\My Documents\Yes\Db\HTMLWeb\Lists\Yes\list6.htm --> ftp.home.zonnet.nl /Lists/Yes list6.htm
2003.04.27 22:04 B C:\My Documents\Yes\Db\HTMLWeb\Lists\Yes\list7.htm --> ftp.home.zonnet.nl /Lists/Yes list7.htm
2003.04.27 22:04 B C:\My Documents\Yes\Db\HTMLWeb\Lists\Yes\list8.htm --> ftp.home.zonnet.nl /Lists/Yes list8.htm
2003.04.27 22:04 B C:\My Documents\Yes\Db\HTMLWeb\Lists\Yes\list9.htm --> ftp.home.zonnet.nl /Lists/Yes list9.htm
2003.04.27 22:04 B C:\My Documents\Yes\Db\HTMLWeb\Lists\Yes\Tourlist.txt --> ftp.home.zonnet.nl /Lists/Yes Tourlist.txt
2003.04.27 22:04 B C:\My Documents\Yes\Db\HTMLWeb\Lists\Yes\WS_FTP.LOG --> ftp.home.zonnet.nl /Lists/Yes WS_FTP.LOG
2003.07.09 22:49 B C:\My Documents\Yes\Db\HTMLWeb\Lists\Yes\Biglist.htm --> ftp.home.zonnet.nl /Lists/Yes Biglist.htm
2003.07.09 22:51 B C:\My Documents\Yes\Db\HTMLWeb\Lists\Yes\list1.htm --> ftp.home.zonnet.nl /Lists/Yes list1.htm
2003.07.09 22:54 B C:\My Documents\Yes\Db\HTMLWeb\Lists\Yes\Biglist.htm --> ftp.home.zonnet.nl /Lists Biglist.htm
2003.07.09 23:56 B C:\My Documents\Yes\Db\HTMLWeb\Lists\Yes\Biglist.htm --> ftp.home.zonnet.nl /Lists/Yes Biglist.htm
2003.07.09 23:56 B C:\My Documents\Yes\Db\HTMLWeb\Lists\Yes\list1.htm --> ftp.home.zonnet.nl /Lists/Yes list1.htm
2003.07.09 23:56 B C:\My Documents\Yes\Db\HTMLWeb\Lists\Yes\list10.htm --> ftp.home.zonnet.nl /Lists/Yes list10.htm
2003.07.09 23:56 B C:\My Documents\Yes\Db\HTMLWeb\Lists\Yes\list11.htm --> ftp.home.zonnet.nl /Lists/Yes list11.htm
2003.07.09 23:57 B C:\My Documents\Yes\Db\HTMLWeb\Lists\Yes\list12.htm --> ftp.home.zonnet.nl /Lists/Yes list12.htm
2003.07.09 23:57 B C:\My Documents\Yes\Db\HTMLWeb\Lists\Yes\list13.htm --> ftp.home.zonnet.nl /Lists/Yes list13.htm
2003.07.09 23:57 B C:\My Documents\Yes\Db\HTMLWeb\Lists\Yes\list14.htm --> ftp.home.zonnet.nl /Lists/Yes list14.htm
2003.07.09 23:57 B C:\My Documents\Yes\Db\HTMLWeb\Lists\Yes\list15.htm --> ftp.home.zonnet.nl /Lists/Yes list15.htm
2003.07.09 23:57 B C:\My Documents\Yes\Db\HTMLWeb\Lists\Yes\list16.htm --> ftp.home.zonnet.nl /Lists/Yes list16.htm
2003.07.09 23:57 B C:\My Documents\Yes\Db\HTMLWeb\Lists\Yes\list17.htm --> ftp.home.zonnet.nl /Lists/Yes list17.htm
2003.07.09 23:57 B C:\My Documents\Yes\Db\HTMLWeb\Lists\Yes\list18.htm --> ftp.home.zonnet.nl /Lists/Yes list18.htm
2003.07.09 23:57 B C:\My Documents\Yes\Db\HTMLWeb\Lists\Yes\list19.htm --> ftp.home.zonnet.nl /Lists/Yes list19.htm
2003.07.09 23:57 B C:\My Documents\Yes\Db\HTMLWeb\Lists\Yes\list2.htm --> ftp.home.zonnet.nl /Lists/Yes list2.htm
2003.07.09 23:57 B C:\My Documents\Yes\Db\HTMLWeb\Lists\Yes\list20.htm --> ftp.home.zonnet.nl /Lists/Yes list20.htm
2003.07.09 23:57 B C:\My Documents\Yes\Db\HTMLWeb\Lists\Yes\list21.htm --> ftp.home.zonnet.nl /Lists/Yes list21.htm
2003.07.09 23:57 B C:\My Documents\Yes\Db\HTMLWeb\Lists\Yes\list22.htm --> ftp.home.zonnet.nl /Lists/Yes list22.htm
2003.07.09 23:57 B C:\My Documents\Yes\Db\HTMLWeb\Lists\Yes\list25.htm --> ftp.home.zonnet.nl /Lists/Yes list25.htm
2003.07.09 23:57 B C:\My Documents\Yes\Db\HTMLWeb\Lists\Yes\list28.htm --> ftp.home.zonnet.nl /Lists/Yes list28.htm
2003.07.09 23:57 B C:\My Documents\Yes\Db\HTMLWeb\Lists\Yes\list3.htm --> ftp.home.zonnet.nl /Lists/Yes list3.htm
2003.07.09 23:57 B C:\My Documents\Yes\Db\HTMLWeb\Lists\Yes\list30.htm --> ftp.home.zonnet.nl /Lists/Yes list30.htm
2003.07.09 23:57 B C:\My Documents\Yes\Db\HTMLWeb\Lists\Yes\list4.htm --> ftp.home.zonnet.nl /Lists/Yes list4.htm
2003.07.09 23:57 B C:\My Documents\Yes\Db\HTMLWeb\Lists\Yes\list40.htm --> ftp.home.zonnet.nl /Lists/Yes list40.htm
2003.07.09 23:57 B C:\My Documents\Yes\Db\HTMLWeb\Lists\Yes\list5.htm --> ftp.home.zonnet.nl /Lists/Yes list5.htm
2003.07.09 23:57 B C:\My Documents\Yes\Db\HTMLWeb\Lists\Yes\list6.htm --> ftp.home.zonnet.nl /Lists/Yes list6.htm
2003.07.09 23:57 B C:\My Documents\Yes\Db\HTMLWeb\Lists\Yes\list7.htm --> ftp.home.zonnet.nl /Lists/Yes list7.htm
2003.07.09 23:57 B C:\My Documents\Yes\Db\HTMLWeb\Lists\Yes\list8.htm --> ftp.home.zonnet.nl /Lists/Yes list8.htm
2003.07.09 23:57 B C:\My Documents\Yes\Db\HTMLWeb\Lists\Yes\list9.htm --> ftp.home.zonnet.nl /Lists/Yes list9.htm
2003.07.09 23:58 B C:\My Documents\Yes\Db\HTMLWeb\Lists\Yes\Tourlist.txt --> ftp.home.zonnet.nl /Lists/Yes Tourlist.txt
2003.07.09 23:58 B C:\My Documents\Yes\Db\HTMLWeb\Lists\Yes\WS_FTP.LOG --> ftp.home.zonnet.nl /Lists/Yes WS_FTP.LOG
2003.07.24 16:04 B C:\My Documents\Yes\Db\HTMLWeb\Lists\Yes\Biglist.htm --> ftp.home.zonnet.nl /Lists/Yes Biglist.htm
2003.07.24 16:04 B C:\My Documents\Yes\Db\HTMLWeb\Lists\Yes\list1.htm --> ftp.home.zonnet.nl /Lists/Yes list1.htm
2003.07.24 16:04 B C:\My Documents\Yes\Db\HTMLWeb\Lists\Yes\list10.htm --> ftp.home.zonnet.nl /Lists/Yes list10.htm
2003.07.24 16:05 B C:\My Documents\Yes\Db\HTMLWeb\Lists\Yes\list11.htm --> ftp.home.zonnet.nl /Lists/Yes list11.htm
2003.07.24 16:05 B C:\My Documents\Yes\Db\HTMLWeb\Lists\Yes\list12.htm --> ftp.home.zonnet.nl /Lists/Yes list12.htm
2003.07.24 16:05 B C:\My Documents\Yes\Db\HTMLWeb\Lists\Yes\list13.htm --> ftp.home.zonnet.nl /Lists/Yes list13.htm
2003.07.24 16:05 B C:\My Documents\Yes\Db\HTMLWeb\Lists\Yes\list14.htm --> ftp.home.zonnet.nl /Lists/Yes list14.htm
2003.07.24 16:05 B C:\My Documents\Yes\Db\HTMLWeb\Lists\Yes\list15.htm --> ftp.home.zonnet.nl /Lists/Yes list15.htm
2003.07.24 16:05 B C:\My Documents\Yes\Db\HTMLWeb\Lists\Yes\list16.htm --> ftp.home.zonnet.nl /Lists/Yes list16.htm
2003.07.24 16:05 B C:\My Documents\Yes\Db\HTMLWeb\Lists\Yes\list17.htm --> ftp.home.zonnet.nl /Lists/Yes list17.htm
2003.07.24 16:05 B C:\My Documents\Yes\Db\HTMLWeb\Lists\Yes\list18.htm --> ftp.home.zonnet.nl /Lists/Yes list18.htm
2003.07.24 16:05 B C:\My Documents\Yes\Db\HTMLWeb\Lists\Yes\list19.htm --> ftp.home.zonnet.nl /Lists/Yes list19.htm
2003.07.24 16:05 B C:\My Documents\Yes\Db\HTMLWeb\Lists\Yes\list2.htm --> ftp.home.zonnet.nl /Lists/Yes list2.htm
2003.07.24 16:05 B C:\My Documents\Yes\Db\HTMLWeb\Lists\Yes\list20.htm --> ftp.home.zonnet.nl /Lists/Yes list20.htm
2003.07.24 16:05 B C:\My Documents\Yes\Db\HTMLWeb\Lists\Yes\list21.htm --> ftp.home.zonnet.nl /Lists/Yes list21.htm
2003.07.24 16:05 B C:\My Documents\Yes\Db\HTMLWeb\Lists\Yes\list22.htm --> ftp.home.zonnet.nl /Lists/Yes list22.htm
2003.07.24 16:05 B C:\My Documents\Yes\Db\HTMLWeb\Lists\Yes\list25.htm --> ftp.home.zonnet.nl /Lists/Yes list25.htm
2003.07.24 16:05 B C:\My Documents\Yes\Db\HTMLWeb\Lists\Yes\list28.htm --> ftp.home.zonnet.nl /Lists/Yes list28.htm
2003.07.24 16:05 B C:\My Documents\Yes\Db\HTMLWeb\Lists\Yes\list3.htm --> ftp.home.zonnet.nl /Lists/Yes list3.htm
2003.07.24 16:05 B C:\My Documents\Yes\Db\HTMLWeb\Lists\Yes\list30.htm --> ftp.home.zonnet.nl /Lists/Yes list30.htm
2003.07.24 16:05 B C:\My Documents\Yes\Db\HTMLWeb\Lists\Yes\list4.htm --> ftp.home.zonnet.nl /Lists/Yes list4.htm
2003.07.24 16:05 B C:\My Documents\Yes\Db\HTMLWeb\Lists\Yes\list40.htm --> ftp.home.zonnet.nl /Lists/Yes list40.htm
2003.07.24 16:05 B C:\My Documents\Yes\Db\HTMLWeb\Lists\Yes\list5.htm --> ftp.home.zonnet.nl /Lists/Yes list5.htm
2003.07.24 16:05 B C:\My Documents\Yes\Db\HTMLWeb\Lists\Yes\list6.htm --> ftp.home.zonnet.nl /Lists/Yes list6.htm
2003.07.24 16:05 B C:\My Documents\Yes\Db\HTMLWeb\Lists\Yes\list7.htm --> ftp.home.zonnet.nl /Lists/Yes list7.htm
2003.07.24 16:05 B C:\My Documents\Yes\Db\HTMLWeb\Lists\Yes\list8.htm --> ftp.home.zonnet.nl /Lists/Yes list8.htm
2003.07.24 16:06 B C:\My Documents\Yes\Db\HTMLWeb\Lists\Yes\list9.htm --> ftp.home.zonnet.nl /Lists/Yes list9.htm
2003.07.24 16:06 B C:\My Documents\Yes\Db\HTMLWeb\Lists\Yes\Tourlist.txt --> ftp.home.zonnet.nl /Lists/Yes Tourlist.txt
2003.07.24 16:06 B C:\My Documents\Yes\Db\HTMLWeb\Lists\Yes\WS_FTP.LOG --> ftp.home.zonnet.nl /Lists/Yes WS_FTP.LOG
2003.08.17 10:15 B C:\My Documents\Yes\Db\HTMLWeb\Lists\Yes\Biglist.htm --> ftp.home.zonnet.nl /Lists/Yes Biglist.htm
2003.08.17 10:15 B C:\My Documents\Yes\Db\HTMLWeb\Lists\Yes\list1.htm --> ftp.home.zonnet.nl /Lists/Yes list1.htm
2003.08.17 10:15 B C:\My Documents\Yes\Db\HTMLWeb\Lists\Yes\list10.htm --> ftp.home.zonnet.nl /Lists/Yes list10.htm
2003.08.17 10:15 B C:\My Documents\Yes\Db\HTMLWeb\Lists\Yes\list11.htm --> ftp.home.zonnet.nl /Lists/Yes list11.htm
2003.08.17 10:15 B C:\My Documents\Yes\Db\HTMLWeb\Lists\Yes\list12.htm --> ftp.home.zonnet.nl /Lists/Yes list12.htm
2003.08.17 10:15 B C:\My Documents\Yes\Db\HTMLWeb\Lists\Yes\list13.htm --> ftp.home.zonnet.nl /Lists/Yes list13.htm
2003.08.17 10:15 B C:\My Documents\Yes\Db\HTMLWeb\Lists\Yes\list14.htm --> ftp.home.zonnet.nl /Lists/Yes list14.htm
2003.08.17 10:15 B C:\My Documents\Yes\Db\HTMLWeb\Lists\Yes\list15.htm --> ftp.home.zonnet.nl /Lists/Yes list15.htm
2003.08.17 10:15 B C:\My Documents\Yes\Db\HTMLWeb\Lists\Yes\list16.htm --> ftp.home.zonnet.nl /Lists/Yes list16.htm
2003.08.17 10:16 B C:\My Documents\Yes\Db\HTMLWeb\Lists\Yes\list17.htm --> ftp.home.zonnet.nl /Lists/Yes list17.htm
2003.08.17 10:16 B C:\My Documents\Yes\Db\HTMLWeb\Lists\Yes\list18.htm --> ftp.home.zonnet.nl /Lists/Yes list18.htm
2003.08.17 10:16 B C:\My Documents\Yes\Db\HTMLWeb\Lists\Yes\list19.htm --> ftp.home.zonnet.nl /Lists/Yes list19.htm
2003.08.17 10:16 B C:\My Documents\Yes\Db\HTMLWeb\Lists\Yes\list2.htm --> ftp.home.zonnet.nl /Lists/Yes list2.htm
2003.08.17 10:16 B C:\My Documents\Yes\Db\HTMLWeb\Lists\Yes\list20.htm --> ftp.home.zonnet.nl /Lists/Yes list20.htm
2003.08.17 10:16 B C:\My Documents\Yes\Db\HTMLWeb\Lists\Yes\list21.htm --> ftp.home.zonnet.nl /Lists/Yes list21.htm
2003.08.17 10:16 B C:\My Documents\Yes\Db\HTMLWeb\Lists\Yes\list22.htm --> ftp.home.zonnet.nl /Lists/Yes list22.htm
2003.08.17 10:16 B C:\My Documents\Yes\Db\HTMLWeb\Lists\Yes\list25.htm --> ftp.home.zonnet.nl /Lists/Yes list25.htm
2003.08.17 10:16 B C:\My Documents\Yes\Db\HTMLWeb\Lists\Yes\list28.htm --> ftp.home.zonnet.nl /Lists/Yes list28.htm
2003.08.17 10:16 B C:\My Documents\Yes\Db\HTMLWeb\Lists\Yes\list3.htm --> ftp.home.zonnet.nl /Lists/Yes list3.htm
2003.08.17 10:16 B C:\My Documents\Yes\Db\HTMLWeb\Lists\Yes\list30.htm --> ftp.home.zonnet.nl /Lists/Yes list30.htm
2003.08.17 10:16 B C:\My Documents\Yes\Db\HTMLWeb\Lists\Yes\list4.htm --> ftp.home.zonnet.nl /Lists/Yes list4.htm
2003.08.17 10:16 B C:\My Documents\Yes\Db\HTMLWeb\Lists\Yes\list40.htm --> ftp.home.zonnet.nl /Lists/Yes list40.htm
2003.08.17 10:16 B C:\My Documents\Yes\Db\HTMLWeb\Lists\Yes\list5.htm --> ftp.home.zonnet.nl /Lists/Yes list5.htm
2003.08.17 10:16 B C:\My Documents\Yes\Db\HTMLWeb\Lists\Yes\list6.htm --> ftp.home.zonnet.nl /Lists/Yes list6.htm
2003.08.17 10:16 B C:\My Documents\Yes\Db\HTMLWeb\Lists\Yes\list7.htm --> ftp.home.zonnet.nl /Lists/Yes list7.htm
2003.08.17 10:16 B C:\My Documents\Yes\Db\HTMLWeb\Lists\Yes\list8.htm --> ftp.home.zonnet.nl /Lists/Yes list8.htm
2003.08.17 10:16 B C:\My Documents\Yes\Db\HTMLWeb\Lists\Yes\list9.htm --> ftp.home.zonnet.nl /Lists/Yes list9.htm
2003.08.17 10:16 B C:\My Documents\Yes\Db\HTMLWeb\Lists\Yes\Tourlist.txt --> ftp.home.zonnet.nl /Lists/Yes Tourlist.txt
2003.08.17 10:16 B C:\My Documents\Yes\Db\HTMLWeb\Lists\Yes\WS_FTP.LOG --> ftp.home.zonnet.nl /Lists/Yes WS_FTP.LOG
2003.08.17 13:09 B C:\My Documents\Yes\Db\HTMLWeb\Lists\Yes\Biglist.htm --> ftp.home.zonnet.nl /Lists/Yes Biglist.htm
2003.08.17 13:10 B C:\My Documents\Yes\Db\HTMLWeb\Lists\Yes\list22.htm --> ftp.home.zonnet.nl /Lists/Yes list22.htm
2003.08.17 13:17 B C:\My Documents\Yes\Db\HTMLWeb\Lists\Yes\Biglist.htm --> ftp.home.zonnet.nl /Lists/Yes Biglist.htm
2003.08.17 13:17 B C:\My Documents\Yes\Db\HTMLWeb\Lists\Yes\list22.htm --> ftp.home.zonnet.nl /Lists/Yes list22.htm
2003.11.05 14:47 B C:\My Documents\Yes\Db\HTMLWeb\Lists\Yes\Biglist.htm --> ftp.home.zonnet.nl /Lists/Yes Biglist.htm
2003.11.05 14:47 B C:\My Documents\Yes\Db\HTMLWeb\Lists\Yes\list1.htm --> ftp.home.zonnet.nl /Lists/Yes list1.htm
2003.11.05 14:47 B C:\My Documents\Yes\Db\HTMLWeb\Lists\Yes\list10.htm --> ftp.home.zonnet.nl /Lists/Yes list10.htm
2003.11.05 14:47 B C:\My Documents\Yes\Db\HTMLWeb\Lists\Yes\list11.htm --> ftp.home.zonnet.nl /Lists/Yes list11.htm
2003.11.05 14:47 B C:\My Documents\Yes\Db\HTMLWeb\Lists\Yes\list12.htm --> ftp.home.zonnet.nl /Lists/Yes list12.htm
2003.11.05 14:47 B C:\My Documents\Yes\Db\HTMLWeb\Lists\Yes\list13.htm --> ftp.home.zonnet.nl /Lists/Yes list13.htm
2003.11.05 14:48 B C:\My Documents\Yes\Db\HTMLWeb\Lists\Yes\list14.htm --> ftp.home.zonnet.nl /Lists/Yes list14.htm
2003.11.05 14:48 B C:\My Documents\Yes\Db\HTMLWeb\Lists\Yes\list15.htm --> ftp.home.zonnet.nl /Lists/Yes list15.htm
2003.11.05 14:48 B C:\My Documents\Yes\Db\HTMLWeb\Lists\Yes\list16.htm --> ftp.home.zonnet.nl /Lists/Yes list16.htm
2003.11.05 14:48 B C:\My Documents\Yes\Db\HTMLWeb\Lists\Yes\list17.htm --> ftp.home.zonnet.nl /Lists/Yes list17.htm
2003.11.05 14:48 B C:\My Documents\Yes\Db\HTMLWeb\Lists\Yes\list18.htm --> ftp.home.zonnet.nl /Lists/Yes list18.htm
2003.11.05 14:48 B C:\My Documents\Yes\Db\HTMLWeb\Lists\Yes\list19.htm --> ftp.home.zonnet.nl /Lists/Yes list19.htm
2003.11.05 14:48 B C:\My Documents\Yes\Db\HTMLWeb\Lists\Yes\list2.htm --> ftp.home.zonnet.nl /Lists/Yes list2.htm
2003.11.05 14:48 B C:\My Documents\Yes\Db\HTMLWeb\Lists\Yes\list20.htm --> ftp.home.zonnet.nl /Lists/Yes list20.htm
2003.11.05 14:48 B C:\My Documents\Yes\Db\HTMLWeb\Lists\Yes\list21.htm --> ftp.home.zonnet.nl /Lists/Yes list21.htm
2003.11.05 14:48 B C:\My Documents\Yes\Db\HTMLWeb\Lists\Yes\list22.htm --> ftp.home.zonnet.nl /Lists/Yes list22.htm
2003.11.05 14:48 B C:\My Documents\Yes\Db\HTMLWeb\Lists\Yes\list25.htm --> ftp.home.zonnet.nl /Lists/Yes list25.htm
2003.11.05 14:48 B C:\My Documents\Yes\Db\HTMLWeb\Lists\Yes\list28.htm --> ftp.home.zonnet.nl /Lists/Yes list28.htm
2003.11.05 14:48 B C:\My Documents\Yes\Db\HTMLWeb\Lists\Yes\list3.htm --> ftp.home.zonnet.nl /Lists/Yes list3.htm
2003.11.05 14:48 B C:\My Documents\Yes\Db\HTMLWeb\Lists\Yes\list30.htm --> ftp.home.zonnet.nl /Lists/Yes list30.htm
2003.11.05 14:48 B C:\My Documents\Yes\Db\HTMLWeb\Lists\Yes\list4.htm --> ftp.home.zonnet.nl /Lists/Yes list4.htm
2003.11.05 14:48 B C:\My Documents\Yes\Db\HTMLWeb\Lists\Yes\list40.htm --> ftp.home.zonnet.nl /Lists/Yes list40.htm
2003.11.05 14:48 B C:\My Documents\Yes\Db\HTMLWeb\Lists\Yes\list5.htm --> ftp.home.zonnet.nl /Lists/Yes list5.htm
2003.11.05 14:48 B C:\My Documents\Yes\Db\HTMLWeb\Lists\Yes\list6.htm --> ftp.home.zonnet.nl /Lists/Yes list6.htm
2003.11.05 14:48 B C:\My Documents\Yes\Db\HTMLWeb\Lists\Yes\list7.htm --> ftp.home.zonnet.nl /Lists/Yes list7.htm
2003.11.05 14:48 B C:\My Documents\Yes\Db\HTMLWeb\Lists\Yes\list8.htm --> ftp.home.zonnet.nl /Lists/Yes list8.htm
2003.11.05 14:48 B C:\My Documents\Yes\Db\HTMLWeb\Lists\Yes\list9.htm --> ftp.home.zonnet.nl /Lists/Yes list9.htm
2003.11.05 14:48 B C:\My Documents\Yes\Db\HTMLWeb\Lists\Yes\Tourlist.txt --> ftp.home.zonnet.nl /Lists/Yes Tourlist.txt
2003.11.05 14:48 B C:\My Documents\Yes\Db\HTMLWeb\Lists\Yes\WS_FTP.LOG --> ftp.home.zonnet.nl /Lists/Yes WS_FTP.LOG
