2003.04.27 11:55 B C:\My Documents\Yes\Db\HTMLWeb\Reviews\1March2000.htm --> ftp.home.zonnet.nl /Reviews 1March2000.htm
2003.04.27 11:55 B C:\My Documents\Yes\Db\HTMLWeb\Reviews\20November2001.htm --> ftp.home.zonnet.nl /Reviews 20November2001.htm
2003.04.27 11:55 B C:\My Documents\Yes\Db\HTMLWeb\Reviews\21November2001.htm --> ftp.home.zonnet.nl /Reviews 21November2001.htm
2003.04.27 11:55 B C:\My Documents\Yes\Db\HTMLWeb\Reviews\22November2001.htm --> ftp.home.zonnet.nl /Reviews 22November2001.htm
2003.04.27 11:55 B C:\My Documents\Yes\Db\HTMLWeb\Reviews\24November2001.htm --> ftp.home.zonnet.nl /Reviews 24November2001.htm
2003.04.27 11:55 B C:\My Documents\Yes\Db\HTMLWeb\Reviews\2March2000.htm --> ftp.home.zonnet.nl /Reviews 2March2000.htm
2003.04.27 11:55 B C:\My Documents\Yes\Db\HTMLWeb\Reviews\9March1998.htm --> ftp.home.zonnet.nl /Reviews 9March1998.htm
2003.04.27 11:55 B C:\My Documents\Yes\Db\HTMLWeb\Reviews\FirstMail.htm --> ftp.home.zonnet.nl /Reviews FirstMail.htm
2003.04.27 11:55 B C:\My Documents\Yes\Db\HTMLWeb\Reviews\yes_at_ahoy_25_november_1977.htm --> ftp.home.zonnet.nl /Reviews yes_at_ahoy_25_november_1977.htm
2003.04.27 22:04 B C:\My Documents\Yes\Db\HTMLWeb\Reviews\1March2000.htm --> ftp.home.zonnet.nl /Reviews 1March2000.htm
2003.04.27 22:04 B C:\My Documents\Yes\Db\HTMLWeb\Reviews\20November2001.htm --> ftp.home.zonnet.nl /Reviews 20November2001.htm
2003.04.27 22:04 B C:\My Documents\Yes\Db\HTMLWeb\Reviews\21November2001.htm --> ftp.home.zonnet.nl /Reviews 21November2001.htm
2003.04.27 22:04 B C:\My Documents\Yes\Db\HTMLWeb\Reviews\22November2001.htm --> ftp.home.zonnet.nl /Reviews 22November2001.htm
2003.04.27 22:04 B C:\My Documents\Yes\Db\HTMLWeb\Reviews\24November2001.htm --> ftp.home.zonnet.nl /Reviews 24November2001.htm
2003.04.27 22:04 B C:\My Documents\Yes\Db\HTMLWeb\Reviews\2March2000.htm --> ftp.home.zonnet.nl /Reviews 2March2000.htm
2003.04.27 22:05 B C:\My Documents\Yes\Db\HTMLWeb\Reviews\9March1998.htm --> ftp.home.zonnet.nl /Reviews 9March1998.htm
2003.04.27 22:05 B C:\My Documents\Yes\Db\HTMLWeb\Reviews\FirstMail.htm --> ftp.home.zonnet.nl /Reviews FirstMail.htm
2003.04.27 22:05 B C:\My Documents\Yes\Db\HTMLWeb\Reviews\WS_FTP.LOG --> ftp.home.zonnet.nl /Reviews WS_FTP.LOG
2003.04.27 22:05 B C:\My Documents\Yes\Db\HTMLWeb\Reviews\yes_at_ahoy_25_november_1977.htm --> ftp.home.zonnet.nl /Reviews yes_at_ahoy_25_november_1977.htm
2003.07.09 23:58 B C:\My Documents\Yes\Db\HTMLWeb\Reviews\1March2000.htm --> ftp.home.zonnet.nl /Reviews 1March2000.htm
2003.07.09 23:58 B C:\My Documents\Yes\Db\HTMLWeb\Reviews\20November2001.htm --> ftp.home.zonnet.nl /Reviews 20November2001.htm
2003.07.09 23:58 B C:\My Documents\Yes\Db\HTMLWeb\Reviews\21November2001.htm --> ftp.home.zonnet.nl /Reviews 21November2001.htm
2003.07.09 23:58 B C:\My Documents\Yes\Db\HTMLWeb\Reviews\22June2003.htm --> ftp.home.zonnet.nl /Reviews 22June2003.htm
2003.07.09 23:58 B C:\My Documents\Yes\Db\HTMLWeb\Reviews\22November2001.htm --> ftp.home.zonnet.nl /Reviews 22November2001.htm
2003.07.09 23:58 B C:\My Documents\Yes\Db\HTMLWeb\Reviews\24June2003.htm --> ftp.home.zonnet.nl /Reviews 24June2003.htm
2003.07.09 23:58 B C:\My Documents\Yes\Db\HTMLWeb\Reviews\24November2001.htm --> ftp.home.zonnet.nl /Reviews 24November2001.htm
2003.07.09 23:58 B C:\My Documents\Yes\Db\HTMLWeb\Reviews\2March2000.htm --> ftp.home.zonnet.nl /Reviews 2March2000.htm
2003.07.09 23:58 B C:\My Documents\Yes\Db\HTMLWeb\Reviews\8July2003.htm --> ftp.home.zonnet.nl /Reviews 8July2003.htm
2003.07.09 23:58 B C:\My Documents\Yes\Db\HTMLWeb\Reviews\9March1998.htm --> ftp.home.zonnet.nl /Reviews 9March1998.htm
2003.07.09 23:58 B C:\My Documents\Yes\Db\HTMLWeb\Reviews\FirstMail.htm --> ftp.home.zonnet.nl /Reviews FirstMail.htm
2003.07.09 23:58 B C:\My Documents\Yes\Db\HTMLWeb\Reviews\WS_FTP.LOG --> ftp.home.zonnet.nl /Reviews WS_FTP.LOG
2003.07.09 23:58 B C:\My Documents\Yes\Db\HTMLWeb\Reviews\yes_at_ahoy_25_november_1977.htm --> ftp.home.zonnet.nl /Reviews yes_at_ahoy_25_november_1977.htm
2003.07.24 16:06 B C:\My Documents\Yes\Db\HTMLWeb\Reviews\1March2000.htm --> ftp.home.zonnet.nl /Reviews 1March2000.htm
2003.07.24 16:06 B C:\My Documents\Yes\Db\HTMLWeb\Reviews\20November2001.htm --> ftp.home.zonnet.nl /Reviews 20November2001.htm
2003.07.24 16:06 B C:\My Documents\Yes\Db\HTMLWeb\Reviews\21November2001.htm --> ftp.home.zonnet.nl /Reviews 21November2001.htm
2003.07.24 16:06 B C:\My Documents\Yes\Db\HTMLWeb\Reviews\22June2003.htm --> ftp.home.zonnet.nl /Reviews 22June2003.htm
2003.07.24 16:06 B C:\My Documents\Yes\Db\HTMLWeb\Reviews\22November2001.htm --> ftp.home.zonnet.nl /Reviews 22November2001.htm
2003.07.24 16:06 B C:\My Documents\Yes\Db\HTMLWeb\Reviews\24June2003.htm --> ftp.home.zonnet.nl /Reviews 24June2003.htm
2003.07.24 16:06 B C:\My Documents\Yes\Db\HTMLWeb\Reviews\24November2001.htm --> ftp.home.zonnet.nl /Reviews 24November2001.htm
2003.07.24 16:06 B C:\My Documents\Yes\Db\HTMLWeb\Reviews\2March2000.htm --> ftp.home.zonnet.nl /Reviews 2March2000.htm
2003.07.24 16:06 B C:\My Documents\Yes\Db\HTMLWeb\Reviews\8July2003.htm --> ftp.home.zonnet.nl /Reviews 8July2003.htm
2003.07.24 16:06 B C:\My Documents\Yes\Db\HTMLWeb\Reviews\9March1998.htm --> ftp.home.zonnet.nl /Reviews 9March1998.htm
2003.07.24 16:06 B C:\My Documents\Yes\Db\HTMLWeb\Reviews\FirstMail.htm --> ftp.home.zonnet.nl /Reviews FirstMail.htm
2003.07.24 16:06 B C:\My Documents\Yes\Db\HTMLWeb\Reviews\WS_FTP.LOG --> ftp.home.zonnet.nl /Reviews WS_FTP.LOG
2003.07.24 16:06 B C:\My Documents\Yes\Db\HTMLWeb\Reviews\yes_at_ahoy_25_november_1977.htm --> ftp.home.zonnet.nl /Reviews yes_at_ahoy_25_november_1977.htm
2003.08.17 10:16 B C:\My Documents\Yes\Db\HTMLWeb\Reviews\1March2000.htm --> ftp.home.zonnet.nl /Reviews 1March2000.htm
2003.08.17 10:16 B C:\My Documents\Yes\Db\HTMLWeb\Reviews\20November2001.htm --> ftp.home.zonnet.nl /Reviews 20November2001.htm
2003.08.17 10:16 B C:\My Documents\Yes\Db\HTMLWeb\Reviews\21November2001.htm --> ftp.home.zonnet.nl /Reviews 21November2001.htm
2003.08.17 10:17 B C:\My Documents\Yes\Db\HTMLWeb\Reviews\22June2003.htm --> ftp.home.zonnet.nl /Reviews 22June2003.htm
2003.08.17 10:17 B C:\My Documents\Yes\Db\HTMLWeb\Reviews\22November2001.htm --> ftp.home.zonnet.nl /Reviews 22November2001.htm
2003.08.17 10:17 B C:\My Documents\Yes\Db\HTMLWeb\Reviews\24June2003.htm --> ftp.home.zonnet.nl /Reviews 24June2003.htm
2003.08.17 10:17 B C:\My Documents\Yes\Db\HTMLWeb\Reviews\24November2001.htm --> ftp.home.zonnet.nl /Reviews 24November2001.htm
2003.08.17 10:17 B C:\My Documents\Yes\Db\HTMLWeb\Reviews\2March2000.htm --> ftp.home.zonnet.nl /Reviews 2March2000.htm
2003.08.17 10:17 B C:\My Documents\Yes\Db\HTMLWeb\Reviews\8July2003.htm --> ftp.home.zonnet.nl /Reviews 8July2003.htm
2003.08.17 10:17 B C:\My Documents\Yes\Db\HTMLWeb\Reviews\9March1998.htm --> ftp.home.zonnet.nl /Reviews 9March1998.htm
2003.08.17 10:17 B C:\My Documents\Yes\Db\HTMLWeb\Reviews\FirstMail.htm --> ftp.home.zonnet.nl /Reviews FirstMail.htm
2003.08.17 10:17 B C:\My Documents\Yes\Db\HTMLWeb\Reviews\WS_FTP.LOG --> ftp.home.zonnet.nl /Reviews WS_FTP.LOG
2003.08.17 10:17 B C:\My Documents\Yes\Db\HTMLWeb\Reviews\yes_at_ahoy_25_november_1977.htm --> ftp.home.zonnet.nl /Reviews yes_at_ahoy_25_november_1977.htm
2003.11.05 14:49 B C:\My Documents\Yes\Db\HTMLWeb\Reviews\1March2000.htm --> ftp.home.zonnet.nl /Reviews 1March2000.htm
2003.11.05 14:49 B C:\My Documents\Yes\Db\HTMLWeb\Reviews\20November2001.htm --> ftp.home.zonnet.nl /Reviews 20November2001.htm
2003.11.05 14:49 B C:\My Documents\Yes\Db\HTMLWeb\Reviews\21November2001.htm --> ftp.home.zonnet.nl /Reviews 21November2001.htm
2003.11.05 14:49 B C:\My Documents\Yes\Db\HTMLWeb\Reviews\22June2003.htm --> ftp.home.zonnet.nl /Reviews 22June2003.htm
2003.11.05 14:49 B C:\My Documents\Yes\Db\HTMLWeb\Reviews\22November2001.htm --> ftp.home.zonnet.nl /Reviews 22November2001.htm
2003.11.05 14:49 B C:\My Documents\Yes\Db\HTMLWeb\Reviews\24June2003.htm --> ftp.home.zonnet.nl /Reviews 24June2003.htm
2003.11.05 14:49 B C:\My Documents\Yes\Db\HTMLWeb\Reviews\24November2001.htm --> ftp.home.zonnet.nl /Reviews 24November2001.htm
2003.11.05 14:49 B C:\My Documents\Yes\Db\HTMLWeb\Reviews\2March2000.htm --> ftp.home.zonnet.nl /Reviews 2March2000.htm
2003.11.05 14:49 B C:\My Documents\Yes\Db\HTMLWeb\Reviews\8July2003.htm --> ftp.home.zonnet.nl /Reviews 8July2003.htm
2003.11.05 14:49 B C:\My Documents\Yes\Db\HTMLWeb\Reviews\9March1998.htm --> ftp.home.zonnet.nl /Reviews 9March1998.htm
2003.11.05 14:49 B C:\My Documents\Yes\Db\HTMLWeb\Reviews\FirstMail.htm --> ftp.home.zonnet.nl /Reviews FirstMail.htm
2003.11.05 14:49 B C:\My Documents\Yes\Db\HTMLWeb\Reviews\WS_FTP.LOG --> ftp.home.zonnet.nl /Reviews WS_FTP.LOG
2003.11.05 14:49 B C:\My Documents\Yes\Db\HTMLWeb\Reviews\yes_at_ahoy_25_november_1977.htm --> ftp.home.zonnet.nl /Reviews yes_at_ahoy_25_november_1977.htm
