2003.04.27 11:48 B C:\My Documents\Yes\Db\HTMLWeb\images\details.gif --> ftp.home.zonnet.nl /images details.gif
2003.04.27 11:48 B C:\My Documents\Yes\Db\HTMLWeb\images\empty.gif --> ftp.home.zonnet.nl /images empty.gif
2003.04.27 11:48 B C:\My Documents\Yes\Db\HTMLWeb\images\yesbtn.JPG --> ftp.home.zonnet.nl /images yesbtn.JPG
2003.04.27 11:48 B C:\My Documents\Yes\Db\HTMLWeb\images\yesshows77.JPG --> ftp.home.zonnet.nl /images yesshows77.JPG
2003.04.27 21:57 B C:\My Documents\Yes\Db\HTMLWeb\images\details.gif --> ftp.home.zonnet.nl /images details.gif
2003.04.27 21:57 B C:\My Documents\Yes\Db\HTMLWeb\images\empty.gif --> ftp.home.zonnet.nl /images empty.gif
2003.04.27 21:57 B C:\My Documents\Yes\Db\HTMLWeb\images\WS_FTP.LOG --> ftp.home.zonnet.nl /images WS_FTP.LOG
2003.04.27 21:57 B C:\My Documents\Yes\Db\HTMLWeb\images\yesbtn.JPG --> ftp.home.zonnet.nl /images yesbtn.JPG
2003.04.27 21:57 B C:\My Documents\Yes\Db\HTMLWeb\images\yesshows77.JPG --> ftp.home.zonnet.nl /images yesshows77.JPG
2003.07.09 23:50 B C:\My Documents\Yes\Db\HTMLWeb\images\details.gif --> ftp.home.zonnet.nl /images details.gif
2003.07.09 23:50 B C:\My Documents\Yes\Db\HTMLWeb\images\empty.gif --> ftp.home.zonnet.nl /images empty.gif
2003.07.09 23:50 B C:\My Documents\Yes\Db\HTMLWeb\images\WS_FTP.LOG --> ftp.home.zonnet.nl /images WS_FTP.LOG
2003.07.09 23:50 B C:\My Documents\Yes\Db\HTMLWeb\images\yesbtn.JPG --> ftp.home.zonnet.nl /images yesbtn.JPG
2003.07.09 23:50 B C:\My Documents\Yes\Db\HTMLWeb\images\yesshows77.JPG --> ftp.home.zonnet.nl /images yesshows77.JPG
2003.07.24 15:58 B C:\My Documents\Yes\Db\HTMLWeb\images\details.gif --> ftp.home.zonnet.nl /images details.gif
2003.07.24 15:58 B C:\My Documents\Yes\Db\HTMLWeb\images\empty.gif --> ftp.home.zonnet.nl /images empty.gif
2003.07.24 15:58 B C:\My Documents\Yes\Db\HTMLWeb\images\WS_FTP.LOG --> ftp.home.zonnet.nl /images WS_FTP.LOG
2003.07.24 15:58 B C:\My Documents\Yes\Db\HTMLWeb\images\yesbtn.JPG --> ftp.home.zonnet.nl /images yesbtn.JPG
2003.07.24 15:58 B C:\My Documents\Yes\Db\HTMLWeb\images\yesshows77.JPG --> ftp.home.zonnet.nl /images yesshows77.JPG
2003.08.17 10:09 B C:\My Documents\Yes\Db\HTMLWeb\images\details.gif --> ftp.home.zonnet.nl /images details.gif
2003.08.17 10:09 B C:\My Documents\Yes\Db\HTMLWeb\images\empty.gif --> ftp.home.zonnet.nl /images empty.gif
2003.08.17 10:09 B C:\My Documents\Yes\Db\HTMLWeb\images\WS_FTP.LOG --> ftp.home.zonnet.nl /images WS_FTP.LOG
2003.08.17 10:09 B C:\My Documents\Yes\Db\HTMLWeb\images\yesbtn.JPG --> ftp.home.zonnet.nl /images yesbtn.JPG
2003.08.17 10:09 B C:\My Documents\Yes\Db\HTMLWeb\images\yesshows77.JPG --> ftp.home.zonnet.nl /images yesshows77.JPG
2003.11.05 14:41 B C:\My Documents\Yes\Db\HTMLWeb\images\details.gif --> ftp.home.zonnet.nl /images details.gif
2003.11.05 14:41 B C:\My Documents\Yes\Db\HTMLWeb\images\empty.gif --> ftp.home.zonnet.nl /images empty.gif
2003.11.05 14:41 B C:\My Documents\Yes\Db\HTMLWeb\images\WS_FTP.LOG --> ftp.home.zonnet.nl /images WS_FTP.LOG
2003.11.05 14:41 B C:\My Documents\Yes\Db\HTMLWeb\images\yesbtn.JPG --> ftp.home.zonnet.nl /images yesbtn.JPG
2003.11.05 14:41 B C:\My Documents\Yes\Db\HTMLWeb\images\yesshows77.JPG --> ftp.home.zonnet.nl /images yesshows77.JPG
